[0.116s] Invoking command in '/ORB_SLAM3/Examples/ros2_ws/build/orb_slam3_ros2': /usr/bin/cmake --build /ORB_SLAM3/Examples/ros2_ws/build/orb_slam3_ros2 -- -j28 -l28
[0.209s] [100%] Built target MonoNode
[0.215s] Invoked command in '/ORB_SLAM3/Examples/ros2_ws/build/orb_slam3_ros2' returned '0': /usr/bin/cmake --build /ORB_SLAM3/Examples/ros2_ws/build/orb_slam3_ros2 -- -j28 -l28
[0.233s] Invoking command in '/ORB_SLAM3/Examples/ros2_ws/build/orb_slam3_ros2': /usr/bin/cmake --install /ORB_SLAM3/Examples/ros2_ws/build/orb_slam3_ros2
[0.238s] -- Install configuration: ""
[0.238s] -- Up-to-date: /ORB_SLAM3/Examples/ros2_ws/install/orb_slam3_ros2/lib/orb_slam3_ros2/MonoNode
[0.241s] -- Up-to-date: /ORB_SLAM3/Examples/ros2_ws/install/orb_slam3_ros2/share/orb_slam3_ros2/launch
[0.241s] -- Up-to-date: /ORB_SLAM3/Examples/ros2_ws/install/orb_slam3_ros2/share/ament_index/resource_index/package_run_dependencies/orb_slam3_ros2
[0.242s] -- Up-to-date: /ORB_SLAM3/Examples/ros2_ws/install/orb_slam3_ros2/share/ament_index/resource_index/parent_prefix_path/orb_slam3_ros2
[0.242s] -- Up-to-date: /ORB_SLAM3/Examples/ros2_ws/install/orb_slam3_ros2/share/orb_slam3_ros2/environment/ament_prefix_path.sh
[0.243s] -- Up-to-date: /ORB_SLAM3/Examples/ros2_ws/install/orb_slam3_ros2/share/orb_slam3_ros2/environment/ament_prefix_path.dsv
[0.243s] -- Up-to-date: /ORB_SLAM3/Examples/ros2_ws/install/orb_slam3_ros2/share/orb_slam3_ros2/environment/path.sh
[0.244s] -- Up-to-date: /ORB_SLAM3/Examples/ros2_ws/install/orb_slam3_ros2/share/orb_slam3_ros2/environment/path.dsv
[0.244s] -- Up-to-date: /ORB_SLAM3/Examples/ros2_ws/install/orb_slam3_ros2/share/orb_slam3_ros2/local_setup.bash
[0.245s] -- Up-to-date: /ORB_SLAM3/Examples/ros2_ws/install/orb_slam3_ros2/share/orb_slam3_ros2/local_setup.sh
[0.245s] -- Up-to-date: /ORB_SLAM3/Examples/ros2_ws/install/orb_slam3_ros2/share/orb_slam3_ros2/local_setup.zsh
[0.246s] -- Up-to-date: /ORB_SLAM3/Examples/ros2_ws/install/orb_slam3_ros2/share/orb_slam3_ros2/local_setup.dsv
[0.246s] -- Installing: /ORB_SLAM3/Examples/ros2_ws/install/orb_slam3_ros2/share/orb_slam3_ros2/package.dsv
[0.247s] -- Up-to-date: /ORB_SLAM3/Examples/ros2_ws/install/orb_slam3_ros2/share/ament_index/resource_index/packages/orb_slam3_ros2
[0.247s] -- Up-to-date: /ORB_SLAM3/Examples/ros2_ws/install/orb_slam3_ros2/share/orb_slam3_ros2/cmake/orb_slam3_ros2Config.cmake
[0.247s] -- Up-to-date: /ORB_SLAM3/Examples/ros2_ws/install/orb_slam3_ros2/share/orb_slam3_ros2/cmake/orb_slam3_ros2Config-version.cmake
[0.248s] -- Up-to-date: /ORB_SLAM3/Examples/ros2_ws/install/orb_slam3_ros2/share/orb_slam3_ros2/package.xml
[0.249s] Invoked command in '/ORB_SLAM3/Examples/ros2_ws/build/orb_slam3_ros2' returned '0': /usr/bin/cmake --install /ORB_SLAM3/Examples/ros2_ws/build/orb_slam3_ros2
