-- The C compiler identification is GNU 9.4.0
-- The CXX compiler identification is GNU 9.4.0
-- Check for working C compiler: /usr/bin/cc
-- Check for working C compiler: /usr/bin/cc -- works
-- Detecting C compiler ABI info
-- Detecting C compiler ABI info - done
-- Detecting C compile features
-- Detecting C compile features - done
-- Check for working CXX compiler: /usr/bin/c++
-- Check for working CXX compiler: /usr/bin/c++ -- works
-- Detecting CXX compiler ABI info
-- Detecting CXX compiler ABI info - done
-- Detecting CXX compile features
-- Detecting CXX compile features - done
-- Found ament_cmake: 0.9.12 (/opt/ros/foxy/share/ament_cmake/cmake)
-- Found PythonInterp: /usr/bin/python3 (found suitable version "3.8.10", minimum required is "3") 
-- Using PYTHON_EXECUTABLE: /usr/bin/python3
-- Found rclcpp: 2.4.3 (/opt/ros/foxy/share/rclcpp/cmake)
-- Using all available rosidl_typesupport_c: rosidl_typesupport_fastrtps_c;rosidl_typesupport_introspection_c
-- Found rosidl_adapter: 1.3.1 (/opt/ros/foxy/share/rosidl_adapter/cmake)
-- Found OpenSSL: /usr/lib/x86_64-linux-gnu/libcrypto.so (found version "1.1.1f")  
-- Found FastRTPS: /opt/ros/foxy/include  
-- Using all available rosidl_typesupport_cpp: rosidl_typesupport_fastrtps_cpp;rosidl_typesupport_introspection_cpp
-- Found rmw_implementation_cmake: 1.0.4 (/opt/ros/foxy/share/rmw_implementation_cmake/cmake)
-- Using RMW implementation 'rmw_fastrtps_cpp' as default
-- Looking for pthread.h
-- Looking for pthread.h - found
-- Performing Test CMAKE_HAVE_LIBC_PTHREAD
-- Performing Test CMAKE_HAVE_LIBC_PTHREAD - Failed
-- Looking for pthread_create in pthreads
-- Looking for pthread_create in pthreads - not found
-- Looking for pthread_create in pthread
-- Looking for pthread_create in pthread - found
-- Found Threads: TRUE  
-- Found sensor_msgs: 2.0.5 (/opt/ros/foxy/share/sensor_msgs/cmake)
-- Found cv_bridge: 3.0.7 (/opt/ros/foxy/share/cv_bridge/cmake)
-- Found nav_msgs: 2.0.5 (/opt/ros/foxy/share/nav_msgs/cmake)
-- Configuring done
-- Generating done
-- Build files have been written to: /ORB_SLAM3/Examples/ros2_ws/build/orb_slam3_ros2
[35m[1mScanning dependencies of target MonoNode[0m
[ 50%] [32mBuilding CXX object CMakeFiles/MonoNode.dir/src/ros2_mono.cpp.o[0m
[100%] [32m[1mLinking CXX executable MonoNode[0m
[100%] Built target MonoNode
-- Install configuration: ""
-- Installing: /ORB_SLAM3/Examples/ros2_ws/install/orb_slam3_ros2/lib/orb_slam3_ros2/MonoNode
-- Set runtime path of "/ORB_SLAM3/Examples/ros2_ws/install/orb_slam3_ros2/lib/orb_slam3_ros2/MonoNode" to "/ORB_SLAM3/lib"
-- Installing: /ORB_SLAM3/Examples/ros2_ws/install/orb_slam3_ros2/lib/orb_slam3_ros2/scripts
-- Installing: /ORB_SLAM3/Examples/ros2_ws/install/orb_slam3_ros2/share/orb_slam3_ros2/launch
-- Up-to-date: /ORB_SLAM3/Examples/ros2_ws/install/orb_slam3_ros2/lib/orb_slam3_ros2/scripts
-- Installing: /ORB_SLAM3/Examples/ros2_ws/install/orb_slam3_ros2/share/ament_index/resource_index/package_run_dependencies/orb_slam3_ros2
-- Installing: /ORB_SLAM3/Examples/ros2_ws/install/orb_slam3_ros2/share/ament_index/resource_index/parent_prefix_path/orb_slam3_ros2
-- Installing: /ORB_SLAM3/Examples/ros2_ws/install/orb_slam3_ros2/share/orb_slam3_ros2/environment/ament_prefix_path.sh
-- Installing: /ORB_SLAM3/Examples/ros2_ws/install/orb_slam3_ros2/share/orb_slam3_ros2/environment/ament_prefix_path.dsv
-- Installing: /ORB_SLAM3/Examples/ros2_ws/install/orb_slam3_ros2/share/orb_slam3_ros2/environment/path.sh
-- Installing: /ORB_SLAM3/Examples/ros2_ws/install/orb_slam3_ros2/share/orb_slam3_ros2/environment/path.dsv
-- Installing: /ORB_SLAM3/Examples/ros2_ws/install/orb_slam3_ros2/share/orb_slam3_ros2/local_setup.bash
-- Installing: /ORB_SLAM3/Examples/ros2_ws/install/orb_slam3_ros2/share/orb_slam3_ros2/local_setup.sh
-- Installing: /ORB_SLAM3/Examples/ros2_ws/install/orb_slam3_ros2/share/orb_slam3_ros2/local_setup.zsh
-- Installing: /ORB_SLAM3/Examples/ros2_ws/install/orb_slam3_ros2/share/orb_slam3_ros2/local_setup.dsv
-- Installing: /ORB_SLAM3/Examples/ros2_ws/install/orb_slam3_ros2/share/orb_slam3_ros2/package.dsv
-- Installing: /ORB_SLAM3/Examples/ros2_ws/install/orb_slam3_ros2/share/ament_index/resource_index/packages/orb_slam3_ros2
-- Installing: /ORB_SLAM3/Examples/ros2_ws/install/orb_slam3_ros2/share/orb_slam3_ros2/cmake/orb_slam3_ros2Config.cmake
-- Installing: /ORB_SLAM3/Examples/ros2_ws/install/orb_slam3_ros2/share/orb_slam3_ros2/cmake/orb_slam3_ros2Config-version.cmake
-- Installing: /ORB_SLAM3/Examples/ros2_ws/install/orb_slam3_ros2/share/orb_slam3_ros2/package.xml
