[0.495s] Invoking command in '/ORB_SLAM3/Examples/ros2_ws/src/bittle_ros2': PYTHONPATH=/ORB_SLAM3/Examples/ros2_ws/build/bittle_ros2/prefix_override:/usr/lib/python3/dist-packages/colcon_core/task/python/colcon_distutils_commands:/ORB_SLAM3/Examples/ros2_ws/install/bittle_ros2/lib/python3.8/site-packages:${PYTHONPATH} /usr/bin/python3 -W ignore:setup.py install is deprecated setup.py egg_info --egg-base ../../build/bittle_ros2 build --build-base /ORB_SLAM3/Examples/ros2_ws/build/bittle_ros2/build install --record /ORB_SLAM3/Examples/ros2_ws/build/bittle_ros2/install.log --single-version-externally-managed install_data
[0.639s] running egg_info
[0.640s] creating ../../build/bittle_ros2/bittle_ros2.egg-info
[0.640s] writing ../../build/bittle_ros2/bittle_ros2.egg-info/PKG-INFO
[0.640s] writing dependency_links to ../../build/bittle_ros2/bittle_ros2.egg-info/dependency_links.txt
[0.640s] writing entry points to ../../build/bittle_ros2/bittle_ros2.egg-info/entry_points.txt
[0.640s] writing requirements to ../../build/bittle_ros2/bittle_ros2.egg-info/requires.txt
[0.640s] writing top-level names to ../../build/bittle_ros2/bittle_ros2.egg-info/top_level.txt
[0.642s] writing manifest file '../../build/bittle_ros2/bittle_ros2.egg-info/SOURCES.txt'
[0.671s] reading manifest file '../../build/bittle_ros2/bittle_ros2.egg-info/SOURCES.txt'
[0.671s] writing manifest file '../../build/bittle_ros2/bittle_ros2.egg-info/SOURCES.txt'
[0.671s] running build
[0.671s] running build_py
[0.672s] creating /ORB_SLAM3/Examples/ros2_ws/build/bittle_ros2/build
[0.672s] creating /ORB_SLAM3/Examples/ros2_ws/build/bittle_ros2/build/lib
[0.672s] creating /ORB_SLAM3/Examples/ros2_ws/build/bittle_ros2/build/lib/bittle_ros2
[0.672s] copying bittle_ros2/experiment_driver.py -> /ORB_SLAM3/Examples/ros2_ws/build/bittle_ros2/build/lib/bittle_ros2
[0.672s] copying bittle_ros2/photo_service.py -> /ORB_SLAM3/Examples/ros2_ws/build/bittle_ros2/build/lib/bittle_ros2
[0.672s] copying bittle_ros2/bittle_driver.py -> /ORB_SLAM3/Examples/ros2_ws/build/bittle_ros2/build/lib/bittle_ros2
[0.672s] copying bittle_ros2/command_publisher.py -> /ORB_SLAM3/Examples/ros2_ws/build/bittle_ros2/build/lib/bittle_ros2
[0.672s] copying bittle_ros2/photo_client.py -> /ORB_SLAM3/Examples/ros2_ws/build/bittle_ros2/build/lib/bittle_ros2
[0.672s] copying bittle_ros2/experiment_subscriber.py -> /ORB_SLAM3/Examples/ros2_ws/build/bittle_ros2/build/lib/bittle_ros2
[0.672s] copying bittle_ros2/webvid_publisher.py -> /ORB_SLAM3/Examples/ros2_ws/build/bittle_ros2/build/lib/bittle_ros2
[0.672s] copying bittle_ros2/yolo_node.py -> /ORB_SLAM3/Examples/ros2_ws/build/bittle_ros2/build/lib/bittle_ros2
[0.672s] copying bittle_ros2/demo_driver.py -> /ORB_SLAM3/Examples/ros2_ws/build/bittle_ros2/build/lib/bittle_ros2
[0.672s] copying bittle_ros2/__init__.py -> /ORB_SLAM3/Examples/ros2_ws/build/bittle_ros2/build/lib/bittle_ros2
[0.673s] copying bittle_ros2/gpt_client.py -> /ORB_SLAM3/Examples/ros2_ws/build/bittle_ros2/build/lib/bittle_ros2
[0.673s] copying bittle_ros2/move_to_grid_server.py -> /ORB_SLAM3/Examples/ros2_ws/build/bittle_ros2/build/lib/bittle_ros2
[0.673s] copying bittle_ros2/object_detection_to_command_v1.py -> /ORB_SLAM3/Examples/ros2_ws/build/bittle_ros2/build/lib/bittle_ros2
[0.673s] copying bittle_ros2/joystick_driver.py -> /ORB_SLAM3/Examples/ros2_ws/build/bittle_ros2/build/lib/bittle_ros2
[0.673s] copying bittle_ros2/object_detection_driver.py -> /ORB_SLAM3/Examples/ros2_ws/build/bittle_ros2/build/lib/bittle_ros2
[0.673s] copying bittle_ros2/gpt_driver.py -> /ORB_SLAM3/Examples/ros2_ws/build/bittle_ros2/build/lib/bittle_ros2
[0.673s] copying bittle_ros2/latency_test.py -> /ORB_SLAM3/Examples/ros2_ws/build/bittle_ros2/build/lib/bittle_ros2
[0.673s] copying bittle_ros2/object_detection_to_command.py -> /ORB_SLAM3/Examples/ros2_ws/build/bittle_ros2/build/lib/bittle_ros2
[0.673s] copying bittle_ros2/pi_servo_driver.py -> /ORB_SLAM3/Examples/ros2_ws/build/bittle_ros2/build/lib/bittle_ros2
[0.673s] copying bittle_ros2/pose_visualizer.py -> /ORB_SLAM3/Examples/ros2_ws/build/bittle_ros2/build/lib/bittle_ros2
[0.673s] copying bittle_ros2/video_subscriber.py -> /ORB_SLAM3/Examples/ros2_ws/build/bittle_ros2/build/lib/bittle_ros2
[0.673s] copying bittle_ros2/webvid_subscriber.py -> /ORB_SLAM3/Examples/ros2_ws/build/bittle_ros2/build/lib/bittle_ros2
[0.673s] copying bittle_ros2/robot_object_detection_subscriber.py -> /ORB_SLAM3/Examples/ros2_ws/build/bittle_ros2/build/lib/bittle_ros2
[0.673s] copying bittle_ros2/object_detection_subscriber.py -> /ORB_SLAM3/Examples/ros2_ws/build/bittle_ros2/build/lib/bittle_ros2
[0.673s] copying bittle_ros2/image_save_subscriber.py -> /ORB_SLAM3/Examples/ros2_ws/build/bittle_ros2/build/lib/bittle_ros2
[0.673s] copying bittle_ros2/serial_sender.py -> /ORB_SLAM3/Examples/ros2_ws/build/bittle_ros2/build/lib/bittle_ros2
[0.673s] copying bittle_ros2/robot_to_grid_node.py -> /ORB_SLAM3/Examples/ros2_ws/build/bittle_ros2/build/lib/bittle_ros2
[0.673s] running install
[0.674s] running install_lib
[0.675s] creating /ORB_SLAM3/Examples/ros2_ws/install/bittle_ros2/lib/python3.8/site-packages/bittle_ros2
[0.675s] copying /ORB_SLAM3/Examples/ros2_ws/build/bittle_ros2/build/lib/bittle_ros2/experiment_driver.py -> /ORB_SLAM3/Examples/ros2_ws/install/bittle_ros2/lib/python3.8/site-packages/bittle_ros2
[0.675s] copying /ORB_SLAM3/Examples/ros2_ws/build/bittle_ros2/build/lib/bittle_ros2/photo_service.py -> /ORB_SLAM3/Examples/ros2_ws/install/bittle_ros2/lib/python3.8/site-packages/bittle_ros2
[0.675s] copying /ORB_SLAM3/Examples/ros2_ws/build/bittle_ros2/build/lib/bittle_ros2/bittle_driver.py -> /ORB_SLAM3/Examples/ros2_ws/install/bittle_ros2/lib/python3.8/site-packages/bittle_ros2
[0.675s] copying /ORB_SLAM3/Examples/ros2_ws/build/bittle_ros2/build/lib/bittle_ros2/command_publisher.py -> /ORB_SLAM3/Examples/ros2_ws/install/bittle_ros2/lib/python3.8/site-packages/bittle_ros2
[0.675s] copying /ORB_SLAM3/Examples/ros2_ws/build/bittle_ros2/build/lib/bittle_ros2/photo_client.py -> /ORB_SLAM3/Examples/ros2_ws/install/bittle_ros2/lib/python3.8/site-packages/bittle_ros2
[0.675s] copying /ORB_SLAM3/Examples/ros2_ws/build/bittle_ros2/build/lib/bittle_ros2/experiment_subscriber.py -> /ORB_SLAM3/Examples/ros2_ws/install/bittle_ros2/lib/python3.8/site-packages/bittle_ros2
[0.675s] copying /ORB_SLAM3/Examples/ros2_ws/build/bittle_ros2/build/lib/bittle_ros2/webvid_publisher.py -> /ORB_SLAM3/Examples/ros2_ws/install/bittle_ros2/lib/python3.8/site-packages/bittle_ros2
[0.675s] copying /ORB_SLAM3/Examples/ros2_ws/build/bittle_ros2/build/lib/bittle_ros2/yolo_node.py -> /ORB_SLAM3/Examples/ros2_ws/install/bittle_ros2/lib/python3.8/site-packages/bittle_ros2
[0.675s] copying /ORB_SLAM3/Examples/ros2_ws/build/bittle_ros2/build/lib/bittle_ros2/demo_driver.py -> /ORB_SLAM3/Examples/ros2_ws/install/bittle_ros2/lib/python3.8/site-packages/bittle_ros2
[0.675s] copying /ORB_SLAM3/Examples/ros2_ws/build/bittle_ros2/build/lib/bittle_ros2/__init__.py -> /ORB_SLAM3/Examples/ros2_ws/install/bittle_ros2/lib/python3.8/site-packages/bittle_ros2
[0.676s] copying /ORB_SLAM3/Examples/ros2_ws/build/bittle_ros2/build/lib/bittle_ros2/gpt_client.py -> /ORB_SLAM3/Examples/ros2_ws/install/bittle_ros2/lib/python3.8/site-packages/bittle_ros2
[0.676s] copying /ORB_SLAM3/Examples/ros2_ws/build/bittle_ros2/build/lib/bittle_ros2/move_to_grid_server.py -> /ORB_SLAM3/Examples/ros2_ws/install/bittle_ros2/lib/python3.8/site-packages/bittle_ros2
[0.676s] copying /ORB_SLAM3/Examples/ros2_ws/build/bittle_ros2/build/lib/bittle_ros2/object_detection_to_command_v1.py -> /ORB_SLAM3/Examples/ros2_ws/install/bittle_ros2/lib/python3.8/site-packages/bittle_ros2
[0.676s] copying /ORB_SLAM3/Examples/ros2_ws/build/bittle_ros2/build/lib/bittle_ros2/joystick_driver.py -> /ORB_SLAM3/Examples/ros2_ws/install/bittle_ros2/lib/python3.8/site-packages/bittle_ros2
[0.676s] copying /ORB_SLAM3/Examples/ros2_ws/build/bittle_ros2/build/lib/bittle_ros2/object_detection_driver.py -> /ORB_SLAM3/Examples/ros2_ws/install/bittle_ros2/lib/python3.8/site-packages/bittle_ros2
[0.676s] copying /ORB_SLAM3/Examples/ros2_ws/build/bittle_ros2/build/lib/bittle_ros2/gpt_driver.py -> /ORB_SLAM3/Examples/ros2_ws/install/bittle_ros2/lib/python3.8/site-packages/bittle_ros2
[0.676s] copying /ORB_SLAM3/Examples/ros2_ws/build/bittle_ros2/build/lib/bittle_ros2/latency_test.py -> /ORB_SLAM3/Examples/ros2_ws/install/bittle_ros2/lib/python3.8/site-packages/bittle_ros2
[0.676s] copying /ORB_SLAM3/Examples/ros2_ws/build/bittle_ros2/build/lib/bittle_ros2/object_detection_to_command.py -> /ORB_SLAM3/Examples/ros2_ws/install/bittle_ros2/lib/python3.8/site-packages/bittle_ros2
[0.676s] copying /ORB_SLAM3/Examples/ros2_ws/build/bittle_ros2/build/lib/bittle_ros2/pi_servo_driver.py -> /ORB_SLAM3/Examples/ros2_ws/install/bittle_ros2/lib/python3.8/site-packages/bittle_ros2
[0.676s] copying /ORB_SLAM3/Examples/ros2_ws/build/bittle_ros2/build/lib/bittle_ros2/pose_visualizer.py -> /ORB_SLAM3/Examples/ros2_ws/install/bittle_ros2/lib/python3.8/site-packages/bittle_ros2
[0.676s] copying /ORB_SLAM3/Examples/ros2_ws/build/bittle_ros2/build/lib/bittle_ros2/video_subscriber.py -> /ORB_SLAM3/Examples/ros2_ws/install/bittle_ros2/lib/python3.8/site-packages/bittle_ros2
[0.676s] copying /ORB_SLAM3/Examples/ros2_ws/build/bittle_ros2/build/lib/bittle_ros2/webvid_subscriber.py -> /ORB_SLAM3/Examples/ros2_ws/install/bittle_ros2/lib/python3.8/site-packages/bittle_ros2
[0.676s] copying /ORB_SLAM3/Examples/ros2_ws/build/bittle_ros2/build/lib/bittle_ros2/robot_object_detection_subscriber.py -> /ORB_SLAM3/Examples/ros2_ws/install/bittle_ros2/lib/python3.8/site-packages/bittle_ros2
[0.676s] copying /ORB_SLAM3/Examples/ros2_ws/build/bittle_ros2/build/lib/bittle_ros2/object_detection_subscriber.py -> /ORB_SLAM3/Examples/ros2_ws/install/bittle_ros2/lib/python3.8/site-packages/bittle_ros2
[0.676s] copying /ORB_SLAM3/Examples/ros2_ws/build/bittle_ros2/build/lib/bittle_ros2/image_save_subscriber.py -> /ORB_SLAM3/Examples/ros2_ws/install/bittle_ros2/lib/python3.8/site-packages/bittle_ros2
[0.676s] copying /ORB_SLAM3/Examples/ros2_ws/build/bittle_ros2/build/lib/bittle_ros2/serial_sender.py -> /ORB_SLAM3/Examples/ros2_ws/install/bittle_ros2/lib/python3.8/site-packages/bittle_ros2
[0.676s] copying /ORB_SLAM3/Examples/ros2_ws/build/bittle_ros2/build/lib/bittle_ros2/robot_to_grid_node.py -> /ORB_SLAM3/Examples/ros2_ws/install/bittle_ros2/lib/python3.8/site-packages/bittle_ros2
[0.676s] byte-compiling /ORB_SLAM3/Examples/ros2_ws/install/bittle_ros2/lib/python3.8/site-packages/bittle_ros2/experiment_driver.py to experiment_driver.cpython-38.pyc
[0.678s] byte-compiling /ORB_SLAM3/Examples/ros2_ws/install/bittle_ros2/lib/python3.8/site-packages/bittle_ros2/photo_service.py to photo_service.cpython-38.pyc
[0.679s] byte-compiling /ORB_SLAM3/Examples/ros2_ws/install/bittle_ros2/lib/python3.8/site-packages/bittle_ros2/bittle_driver.py to bittle_driver.cpython-38.pyc
[0.679s] byte-compiling /ORB_SLAM3/Examples/ros2_ws/install/bittle_ros2/lib/python3.8/site-packages/bittle_ros2/command_publisher.py to command_publisher.cpython-38.pyc
[0.679s] byte-compiling /ORB_SLAM3/Examples/ros2_ws/install/bittle_ros2/lib/python3.8/site-packages/bittle_ros2/photo_client.py to photo_client.cpython-38.pyc
[0.680s] byte-compiling /ORB_SLAM3/Examples/ros2_ws/install/bittle_ros2/lib/python3.8/site-packages/bittle_ros2/experiment_subscriber.py to experiment_subscriber.cpython-38.pyc
[0.681s] byte-compiling /ORB_SLAM3/Examples/ros2_ws/install/bittle_ros2/lib/python3.8/site-packages/bittle_ros2/webvid_publisher.py to webvid_publisher.cpython-38.pyc
[0.681s] byte-compiling /ORB_SLAM3/Examples/ros2_ws/install/bittle_ros2/lib/python3.8/site-packages/bittle_ros2/yolo_node.py to yolo_node.cpython-38.pyc
[0.682s] byte-compiling /ORB_SLAM3/Examples/ros2_ws/install/bittle_ros2/lib/python3.8/site-packages/bittle_ros2/demo_driver.py to demo_driver.cpython-38.pyc
[0.683s] byte-compiling /ORB_SLAM3/Examples/ros2_ws/install/bittle_ros2/lib/python3.8/site-packages/bittle_ros2/__init__.py to __init__.cpython-38.pyc
[0.683s] byte-compiling /ORB_SLAM3/Examples/ros2_ws/install/bittle_ros2/lib/python3.8/site-packages/bittle_ros2/gpt_client.py to gpt_client.cpython-38.pyc
[0.684s] byte-compiling /ORB_SLAM3/Examples/ros2_ws/install/bittle_ros2/lib/python3.8/site-packages/bittle_ros2/move_to_grid_server.py to move_to_grid_server.cpython-38.pyc
[0.684s] byte-compiling /ORB_SLAM3/Examples/ros2_ws/install/bittle_ros2/lib/python3.8/site-packages/bittle_ros2/object_detection_to_command_v1.py to object_detection_to_command_v1.cpython-38.pyc
[0.685s] byte-compiling /ORB_SLAM3/Examples/ros2_ws/install/bittle_ros2/lib/python3.8/site-packages/bittle_ros2/joystick_driver.py to joystick_driver.cpython-38.pyc
[0.686s] byte-compiling /ORB_SLAM3/Examples/ros2_ws/install/bittle_ros2/lib/python3.8/site-packages/bittle_ros2/object_detection_driver.py to object_detection_driver.cpython-38.pyc
[0.687s] byte-compiling /ORB_SLAM3/Examples/ros2_ws/install/bittle_ros2/lib/python3.8/site-packages/bittle_ros2/gpt_driver.py to gpt_driver.cpython-38.pyc
[0.688s] byte-compiling /ORB_SLAM3/Examples/ros2_ws/install/bittle_ros2/lib/python3.8/site-packages/bittle_ros2/latency_test.py to latency_test.cpython-38.pyc
[0.688s] byte-compiling /ORB_SLAM3/Examples/ros2_ws/install/bittle_ros2/lib/python3.8/site-packages/bittle_ros2/object_detection_to_command.py to object_detection_to_command.cpython-38.pyc
[0.689s] byte-compiling /ORB_SLAM3/Examples/ros2_ws/install/bittle_ros2/lib/python3.8/site-packages/bittle_ros2/pi_servo_driver.py to pi_servo_driver.cpython-38.pyc
[0.689s] byte-compiling /ORB_SLAM3/Examples/ros2_ws/install/bittle_ros2/lib/python3.8/site-packages/bittle_ros2/pose_visualizer.py to pose_visualizer.cpython-38.pyc
[0.690s] byte-compiling /ORB_SLAM3/Examples/ros2_ws/install/bittle_ros2/lib/python3.8/site-packages/bittle_ros2/video_subscriber.py to video_subscriber.cpython-38.pyc
[0.690s] byte-compiling /ORB_SLAM3/Examples/ros2_ws/install/bittle_ros2/lib/python3.8/site-packages/bittle_ros2/webvid_subscriber.py to webvid_subscriber.cpython-38.pyc
[0.690s] byte-compiling /ORB_SLAM3/Examples/ros2_ws/install/bittle_ros2/lib/python3.8/site-packages/bittle_ros2/robot_object_detection_subscriber.py to robot_object_detection_subscriber.cpython-38.pyc
[0.691s] byte-compiling /ORB_SLAM3/Examples/ros2_ws/install/bittle_ros2/lib/python3.8/site-packages/bittle_ros2/object_detection_subscriber.py to object_detection_subscriber.cpython-38.pyc
[0.691s] byte-compiling /ORB_SLAM3/Examples/ros2_ws/install/bittle_ros2/lib/python3.8/site-packages/bittle_ros2/image_save_subscriber.py to image_save_subscriber.cpython-38.pyc
[0.691s] byte-compiling /ORB_SLAM3/Examples/ros2_ws/install/bittle_ros2/lib/python3.8/site-packages/bittle_ros2/serial_sender.py to serial_sender.cpython-38.pyc
[0.692s] byte-compiling /ORB_SLAM3/Examples/ros2_ws/install/bittle_ros2/lib/python3.8/site-packages/bittle_ros2/robot_to_grid_node.py to robot_to_grid_node.cpython-38.pyc
[0.693s] running install_data
[0.693s] creating /ORB_SLAM3/Examples/ros2_ws/install/bittle_ros2/share/ament_index
[0.693s] creating /ORB_SLAM3/Examples/ros2_ws/install/bittle_ros2/share/ament_index/resource_index
[0.693s] creating /ORB_SLAM3/Examples/ros2_ws/install/bittle_ros2/share/ament_index/resource_index/packages
[0.693s] copying resource/bittle_ros2 -> /ORB_SLAM3/Examples/ros2_ws/install/bittle_ros2/share/ament_index/resource_index/packages
[0.693s] copying package.xml -> /ORB_SLAM3/Examples/ros2_ws/install/bittle_ros2/share/bittle_ros2
[0.693s] copying launch/bittle_teleop_server_launch.py -> /ORB_SLAM3/Examples/ros2_ws/install/bittle_ros2/share/bittle_ros2
[0.693s] copying launch/server_object_detection_launch.py -> /ORB_SLAM3/Examples/ros2_ws/install/bittle_ros2/share/bittle_ros2
[0.693s] copying launch/server_save_photos_launch.py -> /ORB_SLAM3/Examples/ros2_ws/install/bittle_ros2/share/bittle_ros2
[0.693s] copying launch/robot_experiment_launch.py -> /ORB_SLAM3/Examples/ros2_ws/install/bittle_ros2/share/bittle_ros2
[0.693s] copying launch/demo_launch.py -> /ORB_SLAM3/Examples/ros2_ws/install/bittle_ros2/share/bittle_ros2
[0.693s] copying launch/lone_robot_launch.py -> /ORB_SLAM3/Examples/ros2_ws/install/bittle_ros2/share/bittle_ros2
[0.693s] copying launch/robot_joystic_launch.py -> /ORB_SLAM3/Examples/ros2_ws/install/bittle_ros2/share/bittle_ros2
[0.694s] copying launch/server_joystick_launch.py -> /ORB_SLAM3/Examples/ros2_ws/install/bittle_ros2/share/bittle_ros2
[0.694s] copying launch/gpt_robot_launch.py -> /ORB_SLAM3/Examples/ros2_ws/install/bittle_ros2/share/bittle_ros2
[0.694s] copying launch/bittle_teleop_robot_launch.py -> /ORB_SLAM3/Examples/ros2_ws/install/bittle_ros2/share/bittle_ros2
[0.694s] copying launch/robot_object_detection_launch.py -> /ORB_SLAM3/Examples/ros2_ws/install/bittle_ros2/share/bittle_ros2
[0.694s] copying launch/latency_test_launch.py -> /ORB_SLAM3/Examples/ros2_ws/install/bittle_ros2/share/bittle_ros2
[0.694s] copying bittle_ros2/experiment_driver.py -> /ORB_SLAM3/Examples/ros2_ws/install/bittle_ros2/share/bittle_ros2
[0.694s] copying bittle_ros2/photo_service.py -> /ORB_SLAM3/Examples/ros2_ws/install/bittle_ros2/share/bittle_ros2
[0.694s] copying bittle_ros2/bittle_driver.py -> /ORB_SLAM3/Examples/ros2_ws/install/bittle_ros2/share/bittle_ros2
[0.694s] copying bittle_ros2/command_publisher.py -> /ORB_SLAM3/Examples/ros2_ws/install/bittle_ros2/share/bittle_ros2
[0.694s] copying bittle_ros2/photo_client.py -> /ORB_SLAM3/Examples/ros2_ws/install/bittle_ros2/share/bittle_ros2
[0.694s] copying bittle_ros2/experiment_subscriber.py -> /ORB_SLAM3/Examples/ros2_ws/install/bittle_ros2/share/bittle_ros2
[0.694s] copying bittle_ros2/webvid_publisher.py -> /ORB_SLAM3/Examples/ros2_ws/install/bittle_ros2/share/bittle_ros2
[0.694s] copying bittle_ros2/yolo_node.py -> /ORB_SLAM3/Examples/ros2_ws/install/bittle_ros2/share/bittle_ros2
[0.694s] copying bittle_ros2/demo_driver.py -> /ORB_SLAM3/Examples/ros2_ws/install/bittle_ros2/share/bittle_ros2
[0.694s] copying bittle_ros2/__init__.py -> /ORB_SLAM3/Examples/ros2_ws/install/bittle_ros2/share/bittle_ros2
[0.694s] copying bittle_ros2/gpt_client.py -> /ORB_SLAM3/Examples/ros2_ws/install/bittle_ros2/share/bittle_ros2
[0.695s] copying bittle_ros2/move_to_grid_server.py -> /ORB_SLAM3/Examples/ros2_ws/install/bittle_ros2/share/bittle_ros2
[0.695s] copying bittle_ros2/object_detection_to_command_v1.py -> /ORB_SLAM3/Examples/ros2_ws/install/bittle_ros2/share/bittle_ros2
[0.695s] copying bittle_ros2/joystick_driver.py -> /ORB_SLAM3/Examples/ros2_ws/install/bittle_ros2/share/bittle_ros2
[0.695s] copying bittle_ros2/object_detection_driver.py -> /ORB_SLAM3/Examples/ros2_ws/install/bittle_ros2/share/bittle_ros2
[0.695s] copying bittle_ros2/gpt_driver.py -> /ORB_SLAM3/Examples/ros2_ws/install/bittle_ros2/share/bittle_ros2
[0.695s] copying bittle_ros2/latency_test.py -> /ORB_SLAM3/Examples/ros2_ws/install/bittle_ros2/share/bittle_ros2
[0.695s] copying bittle_ros2/object_detection_to_command.py -> /ORB_SLAM3/Examples/ros2_ws/install/bittle_ros2/share/bittle_ros2
[0.695s] copying bittle_ros2/pi_servo_driver.py -> /ORB_SLAM3/Examples/ros2_ws/install/bittle_ros2/share/bittle_ros2
[0.695s] copying bittle_ros2/pose_visualizer.py -> /ORB_SLAM3/Examples/ros2_ws/install/bittle_ros2/share/bittle_ros2
[0.695s] copying bittle_ros2/video_subscriber.py -> /ORB_SLAM3/Examples/ros2_ws/install/bittle_ros2/share/bittle_ros2
[0.695s] copying bittle_ros2/webvid_subscriber.py -> /ORB_SLAM3/Examples/ros2_ws/install/bittle_ros2/share/bittle_ros2
[0.695s] copying bittle_ros2/robot_object_detection_subscriber.py -> /ORB_SLAM3/Examples/ros2_ws/install/bittle_ros2/share/bittle_ros2
[0.695s] copying bittle_ros2/object_detection_subscriber.py -> /ORB_SLAM3/Examples/ros2_ws/install/bittle_ros2/share/bittle_ros2
[0.695s] copying bittle_ros2/image_save_subscriber.py -> /ORB_SLAM3/Examples/ros2_ws/install/bittle_ros2/share/bittle_ros2
[0.695s] copying bittle_ros2/serial_sender.py -> /ORB_SLAM3/Examples/ros2_ws/install/bittle_ros2/share/bittle_ros2
[0.695s] copying bittle_ros2/robot_to_grid_node.py -> /ORB_SLAM3/Examples/ros2_ws/install/bittle_ros2/share/bittle_ros2
[0.695s] running install_egg_info
[0.696s] Copying ../../build/bittle_ros2/bittle_ros2.egg-info to /ORB_SLAM3/Examples/ros2_ws/install/bittle_ros2/lib/python3.8/site-packages/bittle_ros2-0.0.0-py3.8.egg-info
[0.697s] running install_scripts
[0.710s] Installing bittle_driver script to /ORB_SLAM3/Examples/ros2_ws/install/bittle_ros2/lib/bittle_ros2
[0.710s] Installing command_publisher script to /ORB_SLAM3/Examples/ros2_ws/install/bittle_ros2/lib/bittle_ros2
[0.710s] Installing demo_driver script to /ORB_SLAM3/Examples/ros2_ws/install/bittle_ros2/lib/bittle_ros2
[0.710s] Installing experiment_driver script to /ORB_SLAM3/Examples/ros2_ws/install/bittle_ros2/lib/bittle_ros2
[0.710s] Installing experiment_subscriber script to /ORB_SLAM3/Examples/ros2_ws/install/bittle_ros2/lib/bittle_ros2
[0.710s] Installing gpt_client script to /ORB_SLAM3/Examples/ros2_ws/install/bittle_ros2/lib/bittle_ros2
[0.710s] Installing gpt_driver script to /ORB_SLAM3/Examples/ros2_ws/install/bittle_ros2/lib/bittle_ros2
[0.710s] Installing image_save_subscriber script to /ORB_SLAM3/Examples/ros2_ws/install/bittle_ros2/lib/bittle_ros2
[0.710s] Installing joystick_driver script to /ORB_SLAM3/Examples/ros2_ws/install/bittle_ros2/lib/bittle_ros2
[0.710s] Installing latency_test script to /ORB_SLAM3/Examples/ros2_ws/install/bittle_ros2/lib/bittle_ros2
[0.710s] Installing move_to_grid_server script to /ORB_SLAM3/Examples/ros2_ws/install/bittle_ros2/lib/bittle_ros2
[0.711s] Installing object_detection_driver script to /ORB_SLAM3/Examples/ros2_ws/install/bittle_ros2/lib/bittle_ros2
[0.711s] Installing object_detection_subscriber script to /ORB_SLAM3/Examples/ros2_ws/install/bittle_ros2/lib/bittle_ros2
[0.711s] Installing object_detection_to_command script to /ORB_SLAM3/Examples/ros2_ws/install/bittle_ros2/lib/bittle_ros2
[0.711s] Installing path_visualizer script to /ORB_SLAM3/Examples/ros2_ws/install/bittle_ros2/lib/bittle_ros2
[0.711s] Installing photo_client script to /ORB_SLAM3/Examples/ros2_ws/install/bittle_ros2/lib/bittle_ros2
[0.711s] Installing photo_service script to /ORB_SLAM3/Examples/ros2_ws/install/bittle_ros2/lib/bittle_ros2
[0.711s] Installing pi_servo_driver script to /ORB_SLAM3/Examples/ros2_ws/install/bittle_ros2/lib/bittle_ros2
[0.711s] Installing robot_object_detection_subscriber script to /ORB_SLAM3/Examples/ros2_ws/install/bittle_ros2/lib/bittle_ros2
[0.711s] Installing robot_to_grid_node script to /ORB_SLAM3/Examples/ros2_ws/install/bittle_ros2/lib/bittle_ros2
[0.711s] Installing serial_sender script to /ORB_SLAM3/Examples/ros2_ws/install/bittle_ros2/lib/bittle_ros2
[0.711s] Installing video_subscriber script to /ORB_SLAM3/Examples/ros2_ws/install/bittle_ros2/lib/bittle_ros2
[0.711s] Installing webvid_publisher script to /ORB_SLAM3/Examples/ros2_ws/install/bittle_ros2/lib/bittle_ros2
[0.711s] Installing webvid_subscriber script to /ORB_SLAM3/Examples/ros2_ws/install/bittle_ros2/lib/bittle_ros2
[0.711s] Installing yolo_node script to /ORB_SLAM3/Examples/ros2_ws/install/bittle_ros2/lib/bittle_ros2
[0.711s] writing list of installed files to '/ORB_SLAM3/Examples/ros2_ws/build/bittle_ros2/install.log'
[0.726s] Invoked command in '/ORB_SLAM3/Examples/ros2_ws/src/bittle_ros2' returned '0': PYTHONPATH=/ORB_SLAM3/Examples/ros2_ws/build/bittle_ros2/prefix_override:/usr/lib/python3/dist-packages/colcon_core/task/python/colcon_distutils_commands:/ORB_SLAM3/Examples/ros2_ws/install/bittle_ros2/lib/python3.8/site-packages:${PYTHONPATH} /usr/bin/python3 -W ignore:setup.py install is deprecated setup.py egg_info --egg-base ../../build/bittle_ros2 build --build-base /ORB_SLAM3/Examples/ros2_ws/build/bittle_ros2/build install --record /ORB_SLAM3/Examples/ros2_ws/build/bittle_ros2/install.log --single-version-externally-managed install_data
