[0.165s] Invoking command in '/ORB_SLAM3/Examples/ros2_ws/build/orb_slam3_ros2': CMAKE_PREFIX_PATH=${CMAKE_PREFIX_PATH}:/ORB_SLAM3/Examples/ros2_ws/install/bittle_ros2:/opt/ros/foxy /usr/bin/cmake --build /ORB_SLAM3/Examples/ros2_ws/build/orb_slam3_ros2 -- -j28 -l28
[0.215s] [100%] Built target MonoNode
[0.222s] Invoked command in '/ORB_SLAM3/Examples/ros2_ws/build/orb_slam3_ros2' returned '0': CMAKE_PREFIX_PATH=${CMAKE_PREFIX_PATH}:/ORB_SLAM3/Examples/ros2_ws/install/bittle_ros2:/opt/ros/foxy /usr/bin/cmake --build /ORB_SLAM3/Examples/ros2_ws/build/orb_slam3_ros2 -- -j28 -l28
[0.245s] Invoking command in '/ORB_SLAM3/Examples/ros2_ws/build/orb_slam3_ros2': CMAKE_PREFIX_PATH=${CMAKE_PREFIX_PATH}:/ORB_SLAM3/Examples/ros2_ws/install/bittle_ros2:/opt/ros/foxy /usr/bin/cmake --install /ORB_SLAM3/Examples/ros2_ws/build/orb_slam3_ros2
[0.251s] -- Install configuration: ""
[0.251s] -- Up-to-date: /ORB_SLAM3/Examples/ros2_ws/install/orb_slam3_ros2/lib/orb_slam3_ros2/MonoNode
[0.251s] -- Up-to-date: /ORB_SLAM3/Examples/ros2_ws/install/orb_slam3_ros2/share/orb_slam3_ros2/launch
[0.251s] -- Up-to-date: /ORB_SLAM3/Examples/ros2_ws/install/orb_slam3_ros2/share/ament_index/resource_index/package_run_dependencies/orb_slam3_ros2
[0.251s] -- Up-to-date: /ORB_SLAM3/Examples/ros2_ws/install/orb_slam3_ros2/share/ament_index/resource_index/parent_prefix_path/orb_slam3_ros2
[0.251s] -- Up-to-date: /ORB_SLAM3/Examples/ros2_ws/install/orb_slam3_ros2/share/orb_slam3_ros2/environment/ament_prefix_path.sh
[0.251s] -- Up-to-date: /ORB_SLAM3/Examples/ros2_ws/install/orb_slam3_ros2/share/orb_slam3_ros2/environment/ament_prefix_path.dsv
[0.252s] -- Up-to-date: /ORB_SLAM3/Examples/ros2_ws/install/orb_slam3_ros2/share/orb_slam3_ros2/environment/path.sh
[0.252s] -- Up-to-date: /ORB_SLAM3/Examples/ros2_ws/install/orb_slam3_ros2/share/orb_slam3_ros2/environment/path.dsv
[0.252s] -- Up-to-date: /ORB_SLAM3/Examples/ros2_ws/install/orb_slam3_ros2/share/orb_slam3_ros2/local_setup.bash
[0.252s] -- Up-to-date: /ORB_SLAM3/Examples/ros2_ws/install/orb_slam3_ros2/share/orb_slam3_ros2/local_setup.sh
[0.252s] -- Up-to-date: /ORB_SLAM3/Examples/ros2_ws/install/orb_slam3_ros2/share/orb_slam3_ros2/local_setup.zsh
[0.252s] -- Up-to-date: /ORB_SLAM3/Examples/ros2_ws/install/orb_slam3_ros2/share/orb_slam3_ros2/local_setup.dsv
[0.252s] -- Up-to-date: /ORB_SLAM3/Examples/ros2_ws/install/orb_slam3_ros2/share/orb_slam3_ros2/package.dsv
[0.252s] -- Up-to-date: /ORB_SLAM3/Examples/ros2_ws/install/orb_slam3_ros2/share/ament_index/resource_index/packages/orb_slam3_ros2
[0.252s] -- Up-to-date: /ORB_SLAM3/Examples/ros2_ws/install/orb_slam3_ros2/share/orb_slam3_ros2/cmake/orb_slam3_ros2Config.cmake
[0.252s] -- Up-to-date: /ORB_SLAM3/Examples/ros2_ws/install/orb_slam3_ros2/share/orb_slam3_ros2/cmake/orb_slam3_ros2Config-version.cmake
[0.252s] -- Up-to-date: /ORB_SLAM3/Examples/ros2_ws/install/orb_slam3_ros2/share/orb_slam3_ros2/package.xml
[0.254s] Invoked command in '/ORB_SLAM3/Examples/ros2_ws/build/orb_slam3_ros2' returned '0': CMAKE_PREFIX_PATH=${CMAKE_PREFIX_PATH}:/ORB_SLAM3/Examples/ros2_ws/install/bittle_ros2:/opt/ros/foxy /usr/bin/cmake --install /ORB_SLAM3/Examples/ros2_ws/build/orb_slam3_ros2
