/ORB_SLAM3/Examples/ros2_ws/install/bittle_ros2/lib/python3.8/site-packages/bittle_ros2/experiment_driver.py
/ORB_SLAM3/Examples/ros2_ws/install/bittle_ros2/lib/python3.8/site-packages/bittle_ros2/photo_service.py
/ORB_SLAM3/Examples/ros2_ws/install/bittle_ros2/lib/python3.8/site-packages/bittle_ros2/bittle_driver.py
/ORB_SLAM3/Examples/ros2_ws/install/bittle_ros2/lib/python3.8/site-packages/bittle_ros2/command_publisher.py
/ORB_SLAM3/Examples/ros2_ws/install/bittle_ros2/lib/python3.8/site-packages/bittle_ros2/photo_client.py
/ORB_SLAM3/Examples/ros2_ws/install/bittle_ros2/lib/python3.8/site-packages/bittle_ros2/experiment_subscriber.py
/ORB_SLAM3/Examples/ros2_ws/install/bittle_ros2/lib/python3.8/site-packages/bittle_ros2/webvid_publisher.py
/ORB_SLAM3/Examples/ros2_ws/install/bittle_ros2/lib/python3.8/site-packages/bittle_ros2/yolo_node.py
/ORB_SLAM3/Examples/ros2_ws/install/bittle_ros2/lib/python3.8/site-packages/bittle_ros2/demo_driver.py
/ORB_SLAM3/Examples/ros2_ws/install/bittle_ros2/lib/python3.8/site-packages/bittle_ros2/__init__.py
/ORB_SLAM3/Examples/ros2_ws/install/bittle_ros2/lib/python3.8/site-packages/bittle_ros2/gpt_client.py
/ORB_SLAM3/Examples/ros2_ws/install/bittle_ros2/lib/python3.8/site-packages/bittle_ros2/move_to_grid_server.py
/ORB_SLAM3/Examples/ros2_ws/install/bittle_ros2/lib/python3.8/site-packages/bittle_ros2/object_detection_to_command_v1.py
/ORB_SLAM3/Examples/ros2_ws/install/bittle_ros2/lib/python3.8/site-packages/bittle_ros2/joystick_driver.py
/ORB_SLAM3/Examples/ros2_ws/install/bittle_ros2/lib/python3.8/site-packages/bittle_ros2/object_detection_driver.py
/ORB_SLAM3/Examples/ros2_ws/install/bittle_ros2/lib/python3.8/site-packages/bittle_ros2/gpt_driver.py
/ORB_SLAM3/Examples/ros2_ws/install/bittle_ros2/lib/python3.8/site-packages/bittle_ros2/latency_test.py
/ORB_SLAM3/Examples/ros2_ws/install/bittle_ros2/lib/python3.8/site-packages/bittle_ros2/object_detection_to_command.py
/ORB_SLAM3/Examples/ros2_ws/install/bittle_ros2/lib/python3.8/site-packages/bittle_ros2/pi_servo_driver.py
/ORB_SLAM3/Examples/ros2_ws/install/bittle_ros2/lib/python3.8/site-packages/bittle_ros2/pose_visualizer.py
/ORB_SLAM3/Examples/ros2_ws/install/bittle_ros2/lib/python3.8/site-packages/bittle_ros2/video_subscriber.py
/ORB_SLAM3/Examples/ros2_ws/install/bittle_ros2/lib/python3.8/site-packages/bittle_ros2/webvid_subscriber.py
/ORB_SLAM3/Examples/ros2_ws/install/bittle_ros2/lib/python3.8/site-packages/bittle_ros2/robot_object_detection_subscriber.py
/ORB_SLAM3/Examples/ros2_ws/install/bittle_ros2/lib/python3.8/site-packages/bittle_ros2/object_detection_subscriber.py
/ORB_SLAM3/Examples/ros2_ws/install/bittle_ros2/lib/python3.8/site-packages/bittle_ros2/image_save_subscriber.py
/ORB_SLAM3/Examples/ros2_ws/install/bittle_ros2/lib/python3.8/site-packages/bittle_ros2/serial_sender.py
/ORB_SLAM3/Examples/ros2_ws/install/bittle_ros2/lib/python3.8/site-packages/bittle_ros2/robot_to_grid_node.py
/ORB_SLAM3/Examples/ros2_ws/install/bittle_ros2/lib/python3.8/site-packages/bittle_ros2/__pycache__/experiment_driver.cpython-38.pyc
/ORB_SLAM3/Examples/ros2_ws/install/bittle_ros2/lib/python3.8/site-packages/bittle_ros2/__pycache__/photo_service.cpython-38.pyc
/ORB_SLAM3/Examples/ros2_ws/install/bittle_ros2/lib/python3.8/site-packages/bittle_ros2/__pycache__/bittle_driver.cpython-38.pyc
/ORB_SLAM3/Examples/ros2_ws/install/bittle_ros2/lib/python3.8/site-packages/bittle_ros2/__pycache__/command_publisher.cpython-38.pyc
/ORB_SLAM3/Examples/ros2_ws/install/bittle_ros2/lib/python3.8/site-packages/bittle_ros2/__pycache__/photo_client.cpython-38.pyc
/ORB_SLAM3/Examples/ros2_ws/install/bittle_ros2/lib/python3.8/site-packages/bittle_ros2/__pycache__/experiment_subscriber.cpython-38.pyc
/ORB_SLAM3/Examples/ros2_ws/install/bittle_ros2/lib/python3.8/site-packages/bittle_ros2/__pycache__/webvid_publisher.cpython-38.pyc
/ORB_SLAM3/Examples/ros2_ws/install/bittle_ros2/lib/python3.8/site-packages/bittle_ros2/__pycache__/yolo_node.cpython-38.pyc
/ORB_SLAM3/Examples/ros2_ws/install/bittle_ros2/lib/python3.8/site-packages/bittle_ros2/__pycache__/demo_driver.cpython-38.pyc
/ORB_SLAM3/Examples/ros2_ws/install/bittle_ros2/lib/python3.8/site-packages/bittle_ros2/__pycache__/__init__.cpython-38.pyc
/ORB_SLAM3/Examples/ros2_ws/install/bittle_ros2/lib/python3.8/site-packages/bittle_ros2/__pycache__/gpt_client.cpython-38.pyc
/ORB_SLAM3/Examples/ros2_ws/install/bittle_ros2/lib/python3.8/site-packages/bittle_ros2/__pycache__/move_to_grid_server.cpython-38.pyc
/ORB_SLAM3/Examples/ros2_ws/install/bittle_ros2/lib/python3.8/site-packages/bittle_ros2/__pycache__/object_detection_to_command_v1.cpython-38.pyc
/ORB_SLAM3/Examples/ros2_ws/install/bittle_ros2/lib/python3.8/site-packages/bittle_ros2/__pycache__/joystick_driver.cpython-38.pyc
/ORB_SLAM3/Examples/ros2_ws/install/bittle_ros2/lib/python3.8/site-packages/bittle_ros2/__pycache__/object_detection_driver.cpython-38.pyc
/ORB_SLAM3/Examples/ros2_ws/install/bittle_ros2/lib/python3.8/site-packages/bittle_ros2/__pycache__/gpt_driver.cpython-38.pyc
/ORB_SLAM3/Examples/ros2_ws/install/bittle_ros2/lib/python3.8/site-packages/bittle_ros2/__pycache__/latency_test.cpython-38.pyc
/ORB_SLAM3/Examples/ros2_ws/install/bittle_ros2/lib/python3.8/site-packages/bittle_ros2/__pycache__/object_detection_to_command.cpython-38.pyc
/ORB_SLAM3/Examples/ros2_ws/install/bittle_ros2/lib/python3.8/site-packages/bittle_ros2/__pycache__/pi_servo_driver.cpython-38.pyc
/ORB_SLAM3/Examples/ros2_ws/install/bittle_ros2/lib/python3.8/site-packages/bittle_ros2/__pycache__/pose_visualizer.cpython-38.pyc
/ORB_SLAM3/Examples/ros2_ws/install/bittle_ros2/lib/python3.8/site-packages/bittle_ros2/__pycache__/video_subscriber.cpython-38.pyc
/ORB_SLAM3/Examples/ros2_ws/install/bittle_ros2/lib/python3.8/site-packages/bittle_ros2/__pycache__/webvid_subscriber.cpython-38.pyc
/ORB_SLAM3/Examples/ros2_ws/install/bittle_ros2/lib/python3.8/site-packages/bittle_ros2/__pycache__/robot_object_detection_subscriber.cpython-38.pyc
/ORB_SLAM3/Examples/ros2_ws/install/bittle_ros2/lib/python3.8/site-packages/bittle_ros2/__pycache__/object_detection_subscriber.cpython-38.pyc
/ORB_SLAM3/Examples/ros2_ws/install/bittle_ros2/lib/python3.8/site-packages/bittle_ros2/__pycache__/image_save_subscriber.cpython-38.pyc
/ORB_SLAM3/Examples/ros2_ws/install/bittle_ros2/lib/python3.8/site-packages/bittle_ros2/__pycache__/serial_sender.cpython-38.pyc
/ORB_SLAM3/Examples/ros2_ws/install/bittle_ros2/lib/python3.8/site-packages/bittle_ros2/__pycache__/robot_to_grid_node.cpython-38.pyc
/ORB_SLAM3/Examples/ros2_ws/install/bittle_ros2/share/ament_index/resource_index/packages/bittle_ros2
/ORB_SLAM3/Examples/ros2_ws/install/bittle_ros2/share/bittle_ros2/package.xml
/ORB_SLAM3/Examples/ros2_ws/install/bittle_ros2/share/bittle_ros2/bittle_teleop_server_launch.py
/ORB_SLAM3/Examples/ros2_ws/install/bittle_ros2/share/bittle_ros2/server_object_detection_launch.py
/ORB_SLAM3/Examples/ros2_ws/install/bittle_ros2/share/bittle_ros2/server_save_photos_launch.py
/ORB_SLAM3/Examples/ros2_ws/install/bittle_ros2/share/bittle_ros2/robot_experiment_launch.py
/ORB_SLAM3/Examples/ros2_ws/install/bittle_ros2/share/bittle_ros2/demo_launch.py
/ORB_SLAM3/Examples/ros2_ws/install/bittle_ros2/share/bittle_ros2/lone_robot_launch.py
/ORB_SLAM3/Examples/ros2_ws/install/bittle_ros2/share/bittle_ros2/robot_joystic_launch.py
/ORB_SLAM3/Examples/ros2_ws/install/bittle_ros2/share/bittle_ros2/server_joystick_launch.py
/ORB_SLAM3/Examples/ros2_ws/install/bittle_ros2/share/bittle_ros2/gpt_robot_launch.py
/ORB_SLAM3/Examples/ros2_ws/install/bittle_ros2/share/bittle_ros2/bittle_teleop_robot_launch.py
/ORB_SLAM3/Examples/ros2_ws/install/bittle_ros2/share/bittle_ros2/robot_object_detection_launch.py
/ORB_SLAM3/Examples/ros2_ws/install/bittle_ros2/share/bittle_ros2/latency_test_launch.py
/ORB_SLAM3/Examples/ros2_ws/install/bittle_ros2/share/bittle_ros2/experiment_driver.py
/ORB_SLAM3/Examples/ros2_ws/install/bittle_ros2/share/bittle_ros2/photo_service.py
/ORB_SLAM3/Examples/ros2_ws/install/bittle_ros2/share/bittle_ros2/bittle_driver.py
/ORB_SLAM3/Examples/ros2_ws/install/bittle_ros2/share/bittle_ros2/command_publisher.py
/ORB_SLAM3/Examples/ros2_ws/install/bittle_ros2/share/bittle_ros2/photo_client.py
/ORB_SLAM3/Examples/ros2_ws/install/bittle_ros2/share/bittle_ros2/experiment_subscriber.py
/ORB_SLAM3/Examples/ros2_ws/install/bittle_ros2/share/bittle_ros2/webvid_publisher.py
/ORB_SLAM3/Examples/ros2_ws/install/bittle_ros2/share/bittle_ros2/yolo_node.py
/ORB_SLAM3/Examples/ros2_ws/install/bittle_ros2/share/bittle_ros2/demo_driver.py
/ORB_SLAM3/Examples/ros2_ws/install/bittle_ros2/share/bittle_ros2/__init__.py
/ORB_SLAM3/Examples/ros2_ws/install/bittle_ros2/share/bittle_ros2/gpt_client.py
/ORB_SLAM3/Examples/ros2_ws/install/bittle_ros2/share/bittle_ros2/move_to_grid_server.py
/ORB_SLAM3/Examples/ros2_ws/install/bittle_ros2/share/bittle_ros2/object_detection_to_command_v1.py
/ORB_SLAM3/Examples/ros2_ws/install/bittle_ros2/share/bittle_ros2/joystick_driver.py
/ORB_SLAM3/Examples/ros2_ws/install/bittle_ros2/share/bittle_ros2/object_detection_driver.py
/ORB_SLAM3/Examples/ros2_ws/install/bittle_ros2/share/bittle_ros2/gpt_driver.py
/ORB_SLAM3/Examples/ros2_ws/install/bittle_ros2/share/bittle_ros2/latency_test.py
/ORB_SLAM3/Examples/ros2_ws/install/bittle_ros2/share/bittle_ros2/object_detection_to_command.py
/ORB_SLAM3/Examples/ros2_ws/install/bittle_ros2/share/bittle_ros2/pi_servo_driver.py
/ORB_SLAM3/Examples/ros2_ws/install/bittle_ros2/share/bittle_ros2/pose_visualizer.py
/ORB_SLAM3/Examples/ros2_ws/install/bittle_ros2/share/bittle_ros2/video_subscriber.py
/ORB_SLAM3/Examples/ros2_ws/install/bittle_ros2/share/bittle_ros2/webvid_subscriber.py
/ORB_SLAM3/Examples/ros2_ws/install/bittle_ros2/share/bittle_ros2/robot_object_detection_subscriber.py
/ORB_SLAM3/Examples/ros2_ws/install/bittle_ros2/share/bittle_ros2/object_detection_subscriber.py
/ORB_SLAM3/Examples/ros2_ws/install/bittle_ros2/share/bittle_ros2/image_save_subscriber.py
/ORB_SLAM3/Examples/ros2_ws/install/bittle_ros2/share/bittle_ros2/serial_sender.py
/ORB_SLAM3/Examples/ros2_ws/install/bittle_ros2/share/bittle_ros2/robot_to_grid_node.py
/ORB_SLAM3/Examples/ros2_ws/install/bittle_ros2/lib/python3.8/site-packages/bittle_ros2-0.0.0-py3.8.egg-info/zip-safe
/ORB_SLAM3/Examples/ros2_ws/install/bittle_ros2/lib/python3.8/site-packages/bittle_ros2-0.0.0-py3.8.egg-info/top_level.txt
/ORB_SLAM3/Examples/ros2_ws/install/bittle_ros2/lib/python3.8/site-packages/bittle_ros2-0.0.0-py3.8.egg-info/entry_points.txt
/ORB_SLAM3/Examples/ros2_ws/install/bittle_ros2/lib/python3.8/site-packages/bittle_ros2-0.0.0-py3.8.egg-info/SOURCES.txt
/ORB_SLAM3/Examples/ros2_ws/install/bittle_ros2/lib/python3.8/site-packages/bittle_ros2-0.0.0-py3.8.egg-info/requires.txt
/ORB_SLAM3/Examples/ros2_ws/install/bittle_ros2/lib/python3.8/site-packages/bittle_ros2-0.0.0-py3.8.egg-info/PKG-INFO
/ORB_SLAM3/Examples/ros2_ws/install/bittle_ros2/lib/python3.8/site-packages/bittle_ros2-0.0.0-py3.8.egg-info/dependency_links.txt
/ORB_SLAM3/Examples/ros2_ws/install/bittle_ros2/lib/bittle_ros2/bittle_driver
/ORB_SLAM3/Examples/ros2_ws/install/bittle_ros2/lib/bittle_ros2/command_publisher
/ORB_SLAM3/Examples/ros2_ws/install/bittle_ros2/lib/bittle_ros2/demo_driver
/ORB_SLAM3/Examples/ros2_ws/install/bittle_ros2/lib/bittle_ros2/experiment_driver
/ORB_SLAM3/Examples/ros2_ws/install/bittle_ros2/lib/bittle_ros2/experiment_subscriber
/ORB_SLAM3/Examples/ros2_ws/install/bittle_ros2/lib/bittle_ros2/gpt_client
/ORB_SLAM3/Examples/ros2_ws/install/bittle_ros2/lib/bittle_ros2/gpt_driver
/ORB_SLAM3/Examples/ros2_ws/install/bittle_ros2/lib/bittle_ros2/image_save_subscriber
/ORB_SLAM3/Examples/ros2_ws/install/bittle_ros2/lib/bittle_ros2/joystick_driver
/ORB_SLAM3/Examples/ros2_ws/install/bittle_ros2/lib/bittle_ros2/latency_test
/ORB_SLAM3/Examples/ros2_ws/install/bittle_ros2/lib/bittle_ros2/move_to_grid_server
/ORB_SLAM3/Examples/ros2_ws/install/bittle_ros2/lib/bittle_ros2/object_detection_driver
/ORB_SLAM3/Examples/ros2_ws/install/bittle_ros2/lib/bittle_ros2/object_detection_subscriber
/ORB_SLAM3/Examples/ros2_ws/install/bittle_ros2/lib/bittle_ros2/object_detection_to_command
/ORB_SLAM3/Examples/ros2_ws/install/bittle_ros2/lib/bittle_ros2/photo_client
/ORB_SLAM3/Examples/ros2_ws/install/bittle_ros2/lib/bittle_ros2/photo_service
/ORB_SLAM3/Examples/ros2_ws/install/bittle_ros2/lib/bittle_ros2/pi_servo_driver
/ORB_SLAM3/Examples/ros2_ws/install/bittle_ros2/lib/bittle_ros2/pose_visualizer
/ORB_SLAM3/Examples/ros2_ws/install/bittle_ros2/lib/bittle_ros2/robot_object_detection_subscriber
/ORB_SLAM3/Examples/ros2_ws/install/bittle_ros2/lib/bittle_ros2/robot_to_grid_node
/ORB_SLAM3/Examples/ros2_ws/install/bittle_ros2/lib/bittle_ros2/serial_sender
/ORB_SLAM3/Examples/ros2_ws/install/bittle_ros2/lib/bittle_ros2/video_subscriber
/ORB_SLAM3/Examples/ros2_ws/install/bittle_ros2/lib/bittle_ros2/webvid_publisher
/ORB_SLAM3/Examples/ros2_ws/install/bittle_ros2/lib/bittle_ros2/webvid_subscriber
/ORB_SLAM3/Examples/ros2_ws/install/bittle_ros2/lib/bittle_ros2/yolo_node
