[0.176s] Invoking command in '/ORB_SLAM3/Examples/ros2_ws/build/orb_slam3_ros2': CMAKE_PREFIX_PATH=${CMAKE_PREFIX_PATH}:/opt/ros/foxy /usr/bin/cmake --build /ORB_SLAM3/Examples/ros2_ws/build/orb_slam3_ros2 -- -j28 -l28
[0.194s] -- Found ament_cmake: 0.9.12 (/opt/ros/foxy/share/ament_cmake/cmake)
[0.211s] -- Using PYTHON_EXECUTABLE: /usr/bin/python3
[0.337s] -- Found rclcpp: 2.4.3 (/opt/ros/foxy/share/rclcpp/cmake)
[0.363s] -- Using all available rosidl_typesupport_c: rosidl_typesupport_fastrtps_c;rosidl_typesupport_introspection_c
[0.365s] -- Found rosidl_adapter: 1.3.1 (/opt/ros/foxy/share/rosidl_adapter/cmake)
[0.479s] -- Using all available rosidl_typesupport_cpp: rosidl_typesupport_fastrtps_cpp;rosidl_typesupport_introspection_cpp
[0.513s] -- Found rmw_implementation_cmake: 1.0.4 (/opt/ros/foxy/share/rmw_implementation_cmake/cmake)
[0.514s] -- Using RMW implementation 'rmw_fastrtps_cpp' as default
[0.611s] -- Found sensor_msgs: 2.0.5 (/opt/ros/foxy/share/sensor_msgs/cmake)
[0.692s] -- Found cv_bridge: 3.0.7 (/opt/ros/foxy/share/cv_bridge/cmake)
[0.700s] -- Found nav_msgs: 2.0.5 (/opt/ros/foxy/share/nav_msgs/cmake)
[0.795s] -- Configuring done
[0.810s] -- Generating done
[0.811s] -- Build files have been written to: /ORB_SLAM3/Examples/ros2_ws/build/orb_slam3_ros2
[0.856s] [100%] Built target MonoNode
[0.865s] Invoked command in '/ORB_SLAM3/Examples/ros2_ws/build/orb_slam3_ros2' returned '0': CMAKE_PREFIX_PATH=${CMAKE_PREFIX_PATH}:/opt/ros/foxy /usr/bin/cmake --build /ORB_SLAM3/Examples/ros2_ws/build/orb_slam3_ros2 -- -j28 -l28
[0.890s] Invoking command in '/ORB_SLAM3/Examples/ros2_ws/build/orb_slam3_ros2': CMAKE_PREFIX_PATH=${CMAKE_PREFIX_PATH}:/opt/ros/foxy /usr/bin/cmake --install /ORB_SLAM3/Examples/ros2_ws/build/orb_slam3_ros2
[0.895s] -- Install configuration: ""
[0.895s] -- Up-to-date: /ORB_SLAM3/Examples/ros2_ws/install/orb_slam3_ros2/lib/orb_slam3_ros2/MonoNode
[0.895s] -- Up-to-date: /ORB_SLAM3/Examples/ros2_ws/install/orb_slam3_ros2/share/orb_slam3_ros2/launch
[0.895s] -- Up-to-date: /ORB_SLAM3/Examples/ros2_ws/install/orb_slam3_ros2/share/ament_index/resource_index/package_run_dependencies/orb_slam3_ros2
[0.895s] -- Up-to-date: /ORB_SLAM3/Examples/ros2_ws/install/orb_slam3_ros2/share/ament_index/resource_index/parent_prefix_path/orb_slam3_ros2
[0.895s] -- Up-to-date: /ORB_SLAM3/Examples/ros2_ws/install/orb_slam3_ros2/share/orb_slam3_ros2/environment/ament_prefix_path.sh
[0.895s] -- Installing: /ORB_SLAM3/Examples/ros2_ws/install/orb_slam3_ros2/share/orb_slam3_ros2/environment/ament_prefix_path.dsv
[0.895s] -- Up-to-date: /ORB_SLAM3/Examples/ros2_ws/install/orb_slam3_ros2/share/orb_slam3_ros2/environment/path.sh
[0.896s] -- Installing: /ORB_SLAM3/Examples/ros2_ws/install/orb_slam3_ros2/share/orb_slam3_ros2/environment/path.dsv
[0.896s] -- Up-to-date: /ORB_SLAM3/Examples/ros2_ws/install/orb_slam3_ros2/share/orb_slam3_ros2/local_setup.bash
[0.896s] -- Up-to-date: /ORB_SLAM3/Examples/ros2_ws/install/orb_slam3_ros2/share/orb_slam3_ros2/local_setup.sh
[0.896s] -- Up-to-date: /ORB_SLAM3/Examples/ros2_ws/install/orb_slam3_ros2/share/orb_slam3_ros2/local_setup.zsh
[0.896s] -- Installing: /ORB_SLAM3/Examples/ros2_ws/install/orb_slam3_ros2/share/orb_slam3_ros2/local_setup.dsv
[0.896s] -- Installing: /ORB_SLAM3/Examples/ros2_ws/install/orb_slam3_ros2/share/orb_slam3_ros2/package.dsv
[0.896s] -- Up-to-date: /ORB_SLAM3/Examples/ros2_ws/install/orb_slam3_ros2/share/ament_index/resource_index/packages/orb_slam3_ros2
[0.896s] -- Up-to-date: /ORB_SLAM3/Examples/ros2_ws/install/orb_slam3_ros2/share/orb_slam3_ros2/cmake/orb_slam3_ros2Config.cmake
[0.896s] -- Up-to-date: /ORB_SLAM3/Examples/ros2_ws/install/orb_slam3_ros2/share/orb_slam3_ros2/cmake/orb_slam3_ros2Config-version.cmake
[0.896s] -- Up-to-date: /ORB_SLAM3/Examples/ros2_ws/install/orb_slam3_ros2/share/orb_slam3_ros2/package.xml
[0.897s] Invoked command in '/ORB_SLAM3/Examples/ros2_ws/build/orb_slam3_ros2' returned '0': CMAKE_PREFIX_PATH=${CMAKE_PREFIX_PATH}:/opt/ros/foxy /usr/bin/cmake --install /ORB_SLAM3/Examples/ros2_ws/build/orb_slam3_ros2
