running egg_info
writing ../../build/bittle_ros2/bittle_ros2.egg-info/PKG-INFO
writing dependency_links to ../../build/bittle_ros2/bittle_ros2.egg-info/dependency_links.txt
writing entry points to ../../build/bittle_ros2/bittle_ros2.egg-info/entry_points.txt
writing requirements to ../../build/bittle_ros2/bittle_ros2.egg-info/requires.txt
writing top-level names to ../../build/bittle_ros2/bittle_ros2.egg-info/top_level.txt
reading manifest file '../../build/bittle_ros2/bittle_ros2.egg-info/SOURCES.txt'
writing manifest file '../../build/bittle_ros2/bittle_ros2.egg-info/SOURCES.txt'
running build
running build_py
copying bittle_ros2/pose_visualizer.py -> /ORB_SLAM3/Examples/ros2_ws/build/bittle_ros2/build/lib/bittle_ros2
running install
running install_lib
copying /ORB_SLAM3/Examples/ros2_ws/build/bittle_ros2/build/lib/bittle_ros2/pose_visualizer.py -> /ORB_SLAM3/Examples/ros2_ws/install/bittle_ros2/lib/python3.8/site-packages/bittle_ros2
byte-compiling /ORB_SLAM3/Examples/ros2_ws/install/bittle_ros2/lib/python3.8/site-packages/bittle_ros2/pose_visualizer.py to pose_visualizer.cpython-38.pyc
running install_data
copying bittle_ros2/pose_visualizer.py -> /ORB_SLAM3/Examples/ros2_ws/install/bittle_ros2/share/bittle_ros2
running install_egg_info
removing '/ORB_SLAM3/Examples/ros2_ws/install/bittle_ros2/lib/python3.8/site-packages/bittle_ros2-0.0.0-py3.8.egg-info' (and everything under it)
Copying ../../build/bittle_ros2/bittle_ros2.egg-info to /ORB_SLAM3/Examples/ros2_ws/install/bittle_ros2/lib/python3.8/site-packages/bittle_ros2-0.0.0-py3.8.egg-info
running install_scripts
Installing bittle_driver script to /ORB_SLAM3/Examples/ros2_ws/install/bittle_ros2/lib/bittle_ros2
Installing command_publisher script to /ORB_SLAM3/Examples/ros2_ws/install/bittle_ros2/lib/bittle_ros2
Installing demo_driver script to /ORB_SLAM3/Examples/ros2_ws/install/bittle_ros2/lib/bittle_ros2
Installing experiment_driver script to /ORB_SLAM3/Examples/ros2_ws/install/bittle_ros2/lib/bittle_ros2
Installing experiment_subscriber script to /ORB_SLAM3/Examples/ros2_ws/install/bittle_ros2/lib/bittle_ros2
Installing gpt_client script to /ORB_SLAM3/Examples/ros2_ws/install/bittle_ros2/lib/bittle_ros2
Installing gpt_driver script to /ORB_SLAM3/Examples/ros2_ws/install/bittle_ros2/lib/bittle_ros2
Installing image_save_subscriber script to /ORB_SLAM3/Examples/ros2_ws/install/bittle_ros2/lib/bittle_ros2
Installing joystick_driver script to /ORB_SLAM3/Examples/ros2_ws/install/bittle_ros2/lib/bittle_ros2
Installing latency_test script to /ORB_SLAM3/Examples/ros2_ws/install/bittle_ros2/lib/bittle_ros2
Installing move_to_grid_server script to /ORB_SLAM3/Examples/ros2_ws/install/bittle_ros2/lib/bittle_ros2
Installing object_detection_driver script to /ORB_SLAM3/Examples/ros2_ws/install/bittle_ros2/lib/bittle_ros2
Installing object_detection_subscriber script to /ORB_SLAM3/Examples/ros2_ws/install/bittle_ros2/lib/bittle_ros2
Installing object_detection_to_command script to /ORB_SLAM3/Examples/ros2_ws/install/bittle_ros2/lib/bittle_ros2
Installing photo_client script to /ORB_SLAM3/Examples/ros2_ws/install/bittle_ros2/lib/bittle_ros2
Installing photo_service script to /ORB_SLAM3/Examples/ros2_ws/install/bittle_ros2/lib/bittle_ros2
Installing pi_servo_driver script to /ORB_SLAM3/Examples/ros2_ws/install/bittle_ros2/lib/bittle_ros2
Installing pose_visualizer script to /ORB_SLAM3/Examples/ros2_ws/install/bittle_ros2/lib/bittle_ros2
Installing robot_object_detection_subscriber script to /ORB_SLAM3/Examples/ros2_ws/install/bittle_ros2/lib/bittle_ros2
Installing robot_to_grid_node script to /ORB_SLAM3/Examples/ros2_ws/install/bittle_ros2/lib/bittle_ros2
Installing serial_sender script to /ORB_SLAM3/Examples/ros2_ws/install/bittle_ros2/lib/bittle_ros2
Installing video_subscriber script to /ORB_SLAM3/Examples/ros2_ws/install/bittle_ros2/lib/bittle_ros2
Installing webvid_publisher script to /ORB_SLAM3/Examples/ros2_ws/install/bittle_ros2/lib/bittle_ros2
Installing webvid_subscriber script to /ORB_SLAM3/Examples/ros2_ws/install/bittle_ros2/lib/bittle_ros2
Installing yolo_node script to /ORB_SLAM3/Examples/ros2_ws/install/bittle_ros2/lib/bittle_ros2
writing list of installed files to '/ORB_SLAM3/Examples/ros2_ws/build/bittle_ros2/install.log'
